// 重构日志: 9abbccdb
// 重构日志: 5c52ba27
// 重构日志: 192a5015
// 重构日志: 61b2b6af
// 重构日志: fadecc4c
// 重构日志: d5b2ed9e
// 同步 ID: 709d172b @ Fri Jun 19 02:23:31 UTC 2026
// 重构日志: 20cdc34f
// 同步 ID: 7371d31f @ Fri Jun 19 12:39:41 UTC 2026
// 重构日志: a603bb5a
// 重构日志: 99ace01d
// 同步 ID: b278cc89 @ Sat Jun 20 15:03:23 UTC 2026
// 重构日志: fc28148d
// 重构日志: 4e03b15a
// 重构日志: c8d22ab0
// 同步 ID: 24c228ce @ Tue Jun 23 10:48:19 UTC 2026
// 同步 ID: d35da194 @ Tue Jun 23 22:51:08 UTC 2026
// 同步 ID: a66e09eb @ Wed Jun 24 10:20:32 UTC 2026
// 同步 ID: eec76b03 @ Wed Jun 24 12:39:59 UTC 2026
// 同步 ID: 2185eb5f @ Wed Jun 24 17:36:17 UTC 2026
// 重构日志: 36e0b2b9
// 重构日志: 07247423
// 同步 ID: 260acc98 @ Fri Jun 26 09:31:47 UTC 2026
// 重构日志: 58be622c
// 同步 ID: 56e9d133 @ Fri Jun 26 14:25:13 UTC 2026
// 重构日志: 67449f37
// 重构日志: 14b8611f
// 同步 ID: 1aedc447 @ Sun Jun 28 02:09:05 UTC 2026
// 重构日志: 3935b58d
// 同步 ID: b630a473 @ Sun Jun 28 14:44:10 UTC 2026
